C51 COMPILER V9.57.0.0   ADC0832                                                           05/29/2025 22:37:41 PAGE 1   


C51 COMPILER V9.57.0.0, COMPILATION OF MODULE ADC0832
OBJECT MODULE PLACED IN .\Objects\ADC0832.obj
COMPILER INVOKED BY: E:\Study\Keil\keil c51\KeilData\C51\BIN\C51.EXE ADC0832.c OPTIMIZE(8,SPEED) BROWSE DEBUG OBJECTEXTE
                    -ND PRINT(.\Listings\ADC0832.lst) OBJECT(.\Objects\ADC0832.obj)

line level    source

   1          #include <REGX52.h>
   2          #include "ADC0832.h"
   3          #include "Delay.h"
   4          
   5          // 初始化ADC0832
   6          void ADC0832_Init() {
   7   1          ADC_CS = 1;  // 初始状态为高电平（未选中）
   8   1          ADC_CLK = 0; // 时钟初始为低电平
   9   1      }
  10          
  11          // 读取指定通道的ADC值
  12          unsigned int ADC0832_ReadChannel(unsigned char channel) {
  13   1          unsigned char i;
  14   1          unsigned int adc_value = 0;
  15   1          
  16   1          // 开始转换
  17   1          ADC_CS = 0;  // 选中ADC
  18   1          Delay_us(2); // 延时等待稳定
  19   1          
  20   1          // 发送起始位
  21   1          ADC_CLK = 0;
  22   1          ADC_DIO = 1;
  23   1          ADC_CLK = 1;
  24   1          Delay_us(2);
  25   1          
  26   1          // 发送SGL/DIF位（1表示单端输入）
  27   1          ADC_CLK = 0;
  28   1          ADC_DIO = 1;
  29   1          ADC_CLK = 1;
  30   1          Delay_us(2);
  31   1          
  32   1          // 发送通道选择位
  33   1          ADC_CLK = 0;
  34   1          ADC_DIO = (channel & 0x01);
  35   1          ADC_CLK = 1;
  36   1          Delay_us(2);
  37   1          
  38   1          // 释放数据线
  39   1          ADC_CLK = 0;
  40   1          ADC_DIO = 1;
  41   1          
  42   1          // 读取8位数据（MSB优先）
  43   1          for(i = 0; i < 8; i++) {
  44   2              adc_value <<= 1;
  45   2              ADC_CLK = 1;
  46   2              Delay_us(2);
  47   2              ADC_CLK = 0;
  48   2              if(ADC_DIO) adc_value |= 0x01;
  49   2              Delay_us(2);
  50   2          }
  51   1          
  52   1          // 结束转换
  53   1          ADC_CS = 1;  // 取消选中
  54   1          return adc_value;
C51 COMPILER V9.57.0.0   ADC0832                                                           05/29/2025 22:37:41 PAGE 2   

  55   1      }    


MODULE INFORMATION:   STATIC OVERLAYABLE
   CODE SIZE        =    120    ----
   CONSTANT SIZE    =   ----    ----
   XDATA SIZE       =   ----    ----
   PDATA SIZE       =   ----    ----
   DATA SIZE        =   ----       4
   IDATA SIZE       =   ----    ----
   BIT SIZE         =   ----    ----
END OF MODULE INFORMATION.


C51 COMPILATION COMPLETE.  0 WARNING(S),  0 ERROR(S)
