C51 COMPILER V9.57.0.0   MOTOR                                                             05/29/2025 22:37:41 PAGE 1   


C51 COMPILER V9.57.0.0, COMPILATION OF MODULE MOTOR
OBJECT MODULE PLACED IN .\Objects\Motor.obj
COMPILER INVOKED BY: E:\Study\Keil\keil c51\KeilData\C51\BIN\C51.EXE Motor.c OPTIMIZE(8,SPEED) BROWSE DEBUG OBJECTEXTEND
                    - PRINT(.\Listings\Motor.lst) OBJECT(.\Objects\Motor.obj)

line level    source

   1          #include <REGX52.H>
   2          #include "Delay.h"
   3          #include "Motor.h"
   4          
   5          // 步进电机相序表 (半步模式)
   6          unsigned char code steps[8] = {0x03, 0x01, 0x09, 0x08, 0x0C, 0x04, 0x06, 0x02};
   7          
   8          // 静态变量记录当前步进索引
   9          unsigned char step_index = 0;
  10          
  11          /**
  12           * @brief 控制电机单步旋转
  13           * @param direction 旋转方向 (DIRECTION_CW/DIRECTION_CCW)
  14           */
  15          void step_motor(unsigned char direction) {
  16   1          if (direction == DIRECTION_CW) {
  17   2              step_index = (step_index + 1) % 8;
  18   2          } else {
  19   2              step_index = (step_index + 7) % 8;
  20   2          }
  21   1          P1 = steps[step_index];
  22   1          Delay_ms(20);  // 控制步进速度
  23   1      }
  24          
  25          /**
  26           * @brief 设置左右电机转向
  27           * @param left_direction 左电机方向 (1:正转, 0:反转)
  28           * @param right_direction 右电机方向 (1:正转, 0:反转)
  29           */
  30          void Motor_SetDirection(unsigned char left_direction, unsigned char right_direction) {
  31   1          // 设置左电机方向
  32   1          if (left_direction) {
  33   2              // 左电机正转
  34   2              P1_0 = 1;
  35   2              P1_1 = 0;
  36   2          } else {
  37   2              // 左电机反转
  38   2              P1_0 = 0;
  39   2              P1_1 = 1;
  40   2          }
  41   1          
  42   1          // 设置右电机方向
  43   1          if (right_direction) {
  44   2              // 右电机正转
  45   2              P1_2 = 1;
  46   2              P1_3 = 0;
  47   2          } else {
  48   2              // 右电机反转
  49   2              P1_2 = 0;
  50   2              P1_3 = 1;
  51   2          }
  52   1      }
  53          
  54          /**
C51 COMPILER V9.57.0.0   MOTOR                                                             05/29/2025 22:37:41 PAGE 2   

  55           * @brief 停止所有电机
  56           */
  57          void Motor_Stop(void) {
  58   1          // 停止左电机
  59   1          P1_0 = 0;
  60   1          P1_1 = 0;
  61   1          
  62   1          // 停止右电机
  63   1          P1_2 = 0;
  64   1          P1_3 = 0;
  65   1      }


MODULE INFORMATION:   STATIC OVERLAYABLE
   CODE SIZE        =     64    ----
   CONSTANT SIZE    =      8    ----
   XDATA SIZE       =   ----    ----
   PDATA SIZE       =   ----    ----
   DATA SIZE        =      1    ----
   IDATA SIZE       =   ----    ----
   BIT SIZE         =   ----    ----
END OF MODULE INFORMATION.


C51 COMPILATION COMPLETE.  0 WARNING(S),  0 ERROR(S)
